No config file!
Usage: ./Vortexy <sim.cfg>
Vortexy Roninkoi 18.01.2020 11:30:33
Compiling src/render/shader/main.vert
Compiling src/render/shader/main.frag
Linking shader...
Loading data/pc.obj data/fluid.cfg
FACES 838
CON 112 182 252 268 269 270 
CON 2 60 144 275 276 342 
CON 1 21 92 275 276 590 
CON 4 120 156 277 278 631 649 
CON 3 109 158 277 278 
CON 99 169 210 279 280 281 
CON 18 27 38 282 283 284 
CON 49 124 160 285 286 287 431 531 533 
CON 77 232 261 292 293 294 720 784 
CON 40 96 197 295 296 297 598 
CON 80 113 191 298 299 300 543 637 
CON 52 116 224 301 302 303 758 
CON 13 50 177 320 321 727 
CON 12 36 174 320 321 398 
CON 82 136 187 322 323 324 548 573 
CON 16 42 214 325 326 416 
CON 15 51 224 325 326 441 773 
CON 25 37 69 327 328 329 
CON 6 149 249 282 330 331 823 
CON 91 155 205 332 333 334 723 
CON 183 217 242 335 336 337 
CON 2 23 61 275 342 343 
CON 50 261 262 347 348 349 440 
CON 21 146 196 339 340 343 350 747 
CON 32 114 187 355 356 357 
CON 17 75 173 328 358 359 472 
CON 37 163 198 360 361 362 714 
CON 6 145 253 283 363 364 821 
CON 29 124 175 369 370 718 
CON 28 34 170 369 370 394 
CON 134 243 267 371 372 373 486 487 670 824 825 
CON 71 127 209 290 291 384 385 
CON 24 113 137 355 386 387 572 
CON 45 63 147 388 389 390 464 
CON 29 166 201 370 394 395 396 547 
CON 36 50 80 397 398 
CON 13 35 73 320 397 398 520 
CON 17 26 185 327 361 399 
CON 6 39 195 284 391 393 400 
CON 38 44 62 400 401 402 422 439 
CON 9 54 192 297 403 404 449 
CON 184 202 205 413 414 415 
CON 15 245 266 325 416 417 418 
CON 44 56 99 422 423 456 496 503 
CON 39 43 149 402 422 423 497 
CON 33 145 225 388 424 425 791 
CON 47 81 202 426 427 448 
CON 46 54 72 426 427 519 
CON 52 74 85 428 429 430 444 509 
CON 7 174 218 286 431 432 433 515 592 
CON 12 22 35 320 349 398 440 
CON 16 128 203 325 441 442 443 
CON 11 48 127 302 430 444 445 
CON 177 207 261 411 412 446 447 553 729 
CON 40 47 122 404 426 448 449 545 
CON 170 208 251 436 437 453 454 455 553 
CON 43 62 82 422 456 457 458 503 
CON 58 73 135 459 460 672 
CON 57 80 137 459 460 520 
CON 108 121 232 461 462 463 565 
CON 1 61 186 275 342 469 510 
CON 21 60 70 342 469 
CON 39 56 188 401 439 457 473 
CON 33 84 260 389 474 475 
CON 108 119 231 352 354 481 482 684 
CON 107 179 230 317 319 493 494 626 703 
CON 67 236 267 498 499 803 809 
CON 66 88 233 498 499 569 
CON 95 184 263 500 501 502 529 
CON 17 129 190 329 505 506 659 
CON 61 188 195 469 510 511 733 747 
CON 31 139 193 385 512 513 674 829 
CON 47 211 227 427 517 518 519 528 
CON 36 57 218 366 368 397 460 520 549 
CON 48 75 185 428 470 472 509 
CON 25 74 116 358 472 508 509 640 
CON 129 173 242 521 522 523 582 
CON 8 164 207 294 405 408 527 
CON 144 159 161 338 341 345 451 452 540 705 
CON 84 158 162 524 526 541 542 704 708 715 
CON 10 35 58 299 397 460 520 543 
CON 46 123 154 426 448 544 545 701 
CON 14 56 83 323 458 548 
CON 82 189 194 457 458 473 548 
CON 63 79 153 374 377 475 542 
CON 48 209 260 429 554 555 762 
CON 162 185 260 558 559 560 714 
CON 157 167 198 535 536 561 562 661 
CON 67 141 234 488 489 499 569 570 
CON 115 242 246 574 575 576 644 
CON 164 217 246 577 578 579 
CON 19 148 210 333 586 587 769 
CON 2 101 146 276 588 589 590 
CON 94 244 246 593 594 765 801 
CON 93 121 231 593 594 652 
CON 68 213 264 501 595 596 
CON 9 104 266 295 597 598 599 622 
CON 98 231 241 603 604 801 818 
CON 97 239 244 603 604 812 
CON 5 43 187 279 423 496 612 
CON 101 144 152 589 590 613 696 
CON 92 100 150 589 613 
CON 115 128 173 610 611 614 615 
CON 104 180 250 619 620 621 629 673 
CON 96 103 105 597 620 622 623 
CON 104 106 214 623 624 773 
CON 105 138 224 620 621 623 624 
CON 65 117 191 317 319 625 626 627 736 
CON 59 64 117 463 481 628 
CON 4 157 163 277 631 632 712 715 836 
CON 111 134 220 633 634 671 789 
CON 110 221 223 633 634 
CON 0 249 253 269 635 636 
CON 10 32 179 298 386 484 485 637 
CON 24 169 178 356 483 485 638 
CON 89 102 256 575 615 643 644 
CON 11 75 128 301 508 509 640 646 
CON 107 108 118 351 354 625 628 
CON 117 119 215 351 354 647 
CON 64 118 240 352 354 647 774 813 
CON 3 152 159 278 648 649 650 709 
CON 59 94 164 462 594 651 652 
CON 54 123 125 448 545 653 
CON 81 122 126 545 653 
CON 7 28 165 285 370 394 395 
CON 122 126 142 653 654 679 
CON 123 125 143 653 654 
CON 31 52 138 290 291 445 606 607 630 
CON 51 102 116 443 614 646 
CON 69 76 183 505 521 658 659 
CON 131 178 206 309 311 493 494 660 
CON 130 219 230 310 311 660 664 665 787 
CON 156 160 168 561 562 661 662 
CON 203 237 256 666 667 668 779 810 
CON 30 110 140 372 633 669 670 671 
CON 57 136 194 323 324 459 672 
CON 14 135 137 324 672 
CON 32 58 136 387 459 572 672 
CON 106 127 181 606 607 620 621 623 630 673 
CON 71 181 254 512 674 675 676 726 829 
CON 134 141 267 569 570 669 
CON 88 140 223 570 669 671 
CON 125 197 258 654 677 678 679 745 
CON 126 252 257 654 678 679 680 686 
CON 1 78 100 276 338 341 345 589 590 
CON 27 45 196 363 392 393 424 
CON 23 92 147 339 340 588 681 
CON 33 146 153 390 464 681 692 
CON 91 171 249 587 693 694 
CON 18 44 210 330 423 497 695 
CON 101 151 153 613 696 697 
CON 150 152 158 649 650 696 
CON 100 120 151 613 650 696 
CON 84 147 150 374 377 692 697 
CON 81 171 205 544 700 701 702 754 
CON 19 204 247 334 706 707 744 
CON 3 132 157 277 631 661 
CON 87 109 156 561 631 661 
CON 4 79 151 278 524 526 649 650 704 708 
CON 78 120 160 451 452 648 705 709 710 711 
CON 7 132 159 287 531 533 662 710 711 
CON 78 186 222 382 383 540 713 
CON 79 86 163 541 560 714 715 
CON 26 109 162 360 632 712 714 715 836 
CON 77 90 121 527 578 651 
CON 124 166 168 394 395 716 
CON 34 165 167 395 716 
CON 87 166 168 562 716 
CON 132 165 167 561 562 716 
CON 5 114 247 280 638 717 822 
CON 29 55 176 369 436 437 453 718 
CON 148 154 252 694 702 724 
CON 180 250 255 675 676 725 726 833 
CON 25 76 102 359 522 582 610 611 
CON 13 49 175 321 433 515 592 727 728 
CON 28 174 176 369 718 727 728 
CON 170 175 177 718 728 
CON 12 53 176 321 447 727 728 729 
CON 114 130 179 309 311 483 485 493 494 
CON 65 113 178 484 485 493 
CON 103 172 181 621 673 675 676 
CON 138 139 180 673 676 
CON 0 193 259 268 689 691 730 
CON 20 129 251 337 658 731 
CON 41 68 204 415 502 529 732 
CON 37 74 86 399 470 472 559 
CON 60 161 189 382 383 469 510 733 
CON 14 24 99 322 357 573 612 
CON 62 70 189 473 510 733 
CON 83 186 188 457 458 473 733 
CON 69 198 201 506 734 735 
CON 10 107 262 300 627 736 737 
CON 40 238 243 403 551 552 738 811 826 
CON 71 182 248 513 730 742 
CON 83 135 222 323 324 548 566 568 
CON 38 70 196 391 393 511 747 
CON 23 145 195 350 392 393 747 
CON 9 142 250 296 677 745 748 767 
CON 26 87 190 362 535 536 734 
CON 200 213 221 749 750 789 
CON 199 220 265 595 596 749 750 
CON 34 190 251 396 547 735 751 756 
CON 41 46 212 414 427 517 519 
CON 51 133 245 442 668 752 
CON 155 184 229 707 732 744 753 799 
CON 19 41 154 332 413 700 723 754 
CON 130 228 247 660 663 665 757 798 827 
CON 53 77 208 405 408 411 412 553 
CON 55 207 217 407 408 455 553 
CON 31 85 225 384 555 768 
CON 5 91 149 281 586 695 769 
CON 72 212 265 517 770 837 
CON 202 211 263 517 519 770 
CON 95 199 229 596 749 772 796 
CON 15 105 266 312 315 326 624 773 
CON 118 230 235 647 774 775 783 808 
CON 219 223 235 780 781 782 807 832 
CON 20 90 208 336 407 408 579 
CON 49 73 222 366 368 432 549 785 
CON 131 216 226 660 664 665 782 786 787 
CON 110 200 227 634 750 788 789 794 
CON 111 199 226 634 750 789 790 
CON 161 194 218 566 568 713 785 
CON 111 141 216 633 669 671 780 
CON 11 16 106 303 326 624 758 773 
CON 45 209 248 425 768 791 792 
CON 219 221 228 786 790 793 
CON 72 220 243 518 528 788 794 795 800 
CON 206 226 229 663 665 793 797 798 
CON 204 213 228 753 772 796 797 799 
CON 65 131 215 310 311 494 703 775 783 
CON 64 94 97 482 593 603 684 801 
CON 8 59 262 292 461 565 720 802 
CON 67 239 241 498 803 804 
CON 88 235 240 488 489 805 806 
CON 215 216 234 774 781 805 807 808 832 
CON 66 237 238 498 803 809 810 
CON 133 236 239 666 779 809 810 
CON 192 236 245 551 552 777 779 810 811 
CON 98 233 237 604 803 809 812 
CON 119 234 241 647 774 806 813 814 
CON 97 233 240 604 804 814 818 
CON 20 76 89 335 523 574 
CON 30 192 227 373 738 795 800 824 825 826 
CON 93 98 256 593 603 655 657 801 
CON 42 203 238 418 752 777 779 
CON 89 90 93 576 577 594 765 
CON 155 169 206 706 717 757 822 827 
CON 193 225 253 742 792 831 
CON 18 112 148 331 635 693 823 
CON 103 172 197 619 629 725 748 767 833 
CON 55 183 201 454 731 751 756 
CON 0 143 171 270 680 686 724 
CON 27 112 248 364 636 821 831 
CON 139 255 259 675 726 834 
CON 172 254 258 726 834 835 
CON 115 133 244 643 655 657 667 
CON 143 258 259 678 679 835 
CON 142 255 257 678 834 835 
CON 182 254 257 689 691 834 835 
CON 63 85 86 474 554 558 762 
CON 8 22 53 293 347 446 784 
CON 22 191 232 348 737 802 
CON 68 212 264 500 770 837 
CON 95 263 265 595 837 
CON 200 211 264 595 596 749 770 837 
CON 42 96 214 312 315 417 599 
CON 30 66 140 371 486 487 499 569 570 
CON 0 182 269 270 636 685 686 689 690 730 742 831 
CON 0 112 268 270 635 636 693 694 724 730 742 831 
CON 0 252 268 269 635 685 686 689 690 693 694 724 
CON 272 273 274 288 289 304 305 537 550 551 552 600 616 617 639 738 739 830 
CON 271 273 274 288 289 308 310 537 550 601 616 617 639 739 740 741 783 830 
CON 271 272 274 304 305 371 373 551 602 664 740 807 808 815 
CON 271 272 273 308 310 371 373 552 600 601 602 664 738 741 783 807 808 815 
CON 1 2 21 60 276 338 340 342 343 
CON 1 2 92 144 275 338 340 343 590 
CON 3 4 109 156 278 631 632 708 709 710 
CON 3 4 120 158 277 632 649 708 709 710 
CON 5 99 280 281 356 357 496 497 612 638 695 
CON 5 169 279 281 356 357 612 638 717 769 817 
CON 5 210 279 280 496 497 695 717 769 817 
CON 6 18 283 284 330 331 364 400 402 495 497 820 
CON 6 27 282 284 331 363 364 391 392 820 
CON 6 38 282 283 330 363 391 392 400 402 495 497 
CON 7 124 286 287 369 370 394 396 435 437 478 479 546 
CON 7 49 285 287 369 370 431 435 437 478 479 480 
CON 7 160 285 286 394 396 480 531 533 546 
CON 271 272 289 290 291 384 429 430 444 445 537 550 555 616 617 639 739 830 
CON 271 272 288 290 291 385 512 537 538 539 550 606 616 617 639 739 766 830 
CON 31 127 288 289 291 444 445 538 606 
CON 31 127 288 289 290 384 385 429 430 512 539 555 766 
CON 8 232 293 294 461 462 527 563 651 719 720 
CON 8 261 292 294 405 406 410 412 719 784 
CON 8 77 292 293 405 406 410 412 461 462 527 563 651 
CON 9 96 296 297 403 537 539 550 552 598 748 
CON 9 197 295 297 404 537 539 685 687 745 746 748 
CON 9 40 295 296 403 404 550 552 685 687 745 746 
CON 10 113 299 300 365 367 419 465 467 637 736 
CON 10 80 298 300 348 349 365 367 419 543 556 737 
CON 10 191 298 299 348 349 465 467 556 736 737 
CON 11 116 302 303 313 314 441 443 444 639 640 646 
CON 11 52 301 303 444 445 605 606 639 640 645 
CON 11 224 301 302 313 314 441 443 445 605 606 645 646 758 
CON 271 273 305 306 307 551 655 666 667 778 809 810 811 812 
CON 271 273 304 306 307 551 656 739 740 813 814 815 818 828 
CON 304 305 307 603 604 655 656 657 666 667 739 740 778 828 
CON 304 305 306 603 604 657 809 810 811 812 813 814 815 818 
CON 272 274 309 310 311 490 492 601 660 741 757 783 822 827 
CON 130 178 308 310 311 490 492 493 494 703 822 827 
CON 131 230 272 274 308 309 311 601 703 741 783 
CON 130 131 178 230 308 309 310 493 494 660 757 
CON 214 266 313 314 315 416 417 597 599 645 
CON 301 303 312 314 315 325 326 416 417 441 443 646 
CON 301 303 312 313 315 441 443 597 599 645 646 758 773 
CON 214 266 312 313 314 325 326 758 773 
CON 317 318 319 467 468 483 484 485 490 493 637 638 717 
CON 65 107 316 318 319 467 468 484 491 585 626 637 
CON 316 317 319 483 490 491 492 494 585 638 717 
CON 65 107 316 317 318 485 492 493 494 626 
CON 12 13 36 50 321 398 440 557 592 
CON 12 13 174 177 320 440 557 592 727 
CON 14 187 323 324 567 568 571 572 573 672 
CON 14 82 135 194 322 324 548 567 568 
CON 14 135 136 194 322 323 571 572 672 
CON 15 16 42 51 313 315 326 416 441 
CON 15 16 214 224 313 315 325 773 
CON 17 37 328 329 358 361 362 399 470 506 734 
CON 17 25 327 329 358 359 399 470 505 580 582 
CON 17 69 327 328 359 361 362 505 506 580 582 734 
CON 18 149 282 284 331 400 402 495 497 695 769 816 
CON 18 249 282 283 330 364 695 769 816 820 823 
CON 19 205 333 334 587 694 700 702 707 721 722 723 
CON 19 91 332 334 586 587 694 700 702 706 722 817 822 
CON 19 155 332 333 586 706 707 721 817 822 
CON 20 242 336 337 521 523 574 576 577 579 658 
CON 20 217 335 337 406 407 454 455 574 576 577 579 731 
CON 20 183 335 336 406 407 454 455 521 523 658 731 
CON 78 144 275 276 339 340 341 343 345 588 590 
CON 23 146 338 340 341 344 464 588 590 681 
CON 23 146 275 276 338 339 341 343 346 350 380 
CON 78 144 338 339 340 344 345 346 350 380 464 681 
CON 1 21 60 61 275 343 350 469 511 
CON 21 23 275 276 338 340 342 350 469 511 
CON 339 341 345 346 375 376 379 388 390 392 424 451 464 681 
CON 78 144 338 341 344 346 375 376 378 382 451 540 
CON 340 341 344 345 350 378 379 380 382 388 390 392 424 540 
CON 22 261 348 349 446 447 557 591 719 720 784 802 
CON 22 262 299 300 347 349 556 719 720 737 784 802 
CON 22 50 299 300 347 348 440 446 447 556 557 591 737 
CON 23 196 340 341 342 343 346 380 469 511 747 
CON 117 118 352 353 354 481 583 585 625 626 628 
CON 64 119 351 353 354 481 482 628 683 763 828 
CON 351 352 354 482 583 585 625 626 647 683 763 764 775 828 
CON 64 117 118 119 351 352 353 647 764 775 
CON 24 32 356 357 386 387 483 484 571 573 
CON 24 114 279 280 355 357 386 483 484 612 638 
CON 24 187 279 280 355 356 387 571 573 612 638 
CON 25 75 327 328 359 399 470 471 472 609 611 618 
CON 25 173 328 329 358 471 505 580 582 609 611 618 
CON 26 163 361 362 399 530 532 535 559 560 714 771 836 
CON 26 37 327 329 360 362 399 506 559 560 734 
CON 26 198 327 329 360 361 506 530 532 535 734 771 836 
CON 27 145 283 284 364 391 392 424 425 819 
CON 27 253 282 283 331 363 424 425 819 820 821 
CON 298 299 366 367 368 419 420 421 459 460 572 
CON 73 218 365 367 368 420 515 516 549 556 557 
CON 298 299 365 366 368 419 515 516 520 543 556 557 
CON 73 218 365 366 367 421 459 460 520 543 549 572 
CON 28 29 170 175 285 286 370 435 437 478 479 718 
CON 28 29 34 124 285 286 369 394 435 437 478 479 
CON 30 267 273 274 372 373 486 487 602 664 807 808 815 832 
CON 30 134 371 373 670 781 782 787 832 
CON 30 243 273 274 371 372 602 664 781 782 787 807 808 815 824 825 
CON 84 153 375 376 377 389 390 450 475 524 542 
CON 344 345 374 376 377 450 451 452 524 542 648 650 696 697 704 
CON 344 345 374 375 377 389 390 451 464 475 692 
CON 84 153 374 375 376 452 464 648 650 692 696 697 704 
CON 345 346 379 380 381 382 383 391 400 401 510 511 540 
CON 344 346 378 380 381 388 390 391 392 393 400 401 424 747 
CON 340 341 346 350 378 379 383 393 510 511 747 
CON 378 379 382 383 391 400 401 438 439 473 504 566 713 733 
CON 161 186 345 346 378 381 383 438 504 540 566 713 
CON 161 186 378 380 381 382 439 473 510 511 733 
CON 31 209 288 291 385 429 430 513 555 742 768 792 
CON 31 71 289 291 384 512 513 539 742 766 768 792 
CON 32 113 355 356 387 419 421 483 484 637 
CON 32 137 355 357 386 419 421 571 572 573 637 
CON 33 45 344 346 379 389 390 392 424 425 474 761 762 
CON 33 63 374 376 388 390 425 474 475 761 762 
CON 33 147 344 346 374 376 379 388 389 392 424 464 475 
CON 38 195 283 284 363 378 379 381 392 393 400 401 
CON 145 196 283 284 344 346 363 379 388 390 391 393 424 
CON 38 145 195 196 379 380 391 392 747 
CON 29 34 124 165 285 287 370 395 396 546 
CON 34 124 165 166 394 396 534 536 562 716 
CON 34 201 285 287 394 395 534 536 546 547 562 716 
CON 35 36 73 80 398 440 520 543 556 
CON 13 35 36 50 320 397 440 543 556 
CON 37 185 327 328 358 360 361 470 559 560 
CON 38 39 282 284 330 378 379 381 391 401 402 495 497 
CON 39 62 378 379 381 391 400 402 438 439 503 
CON 39 44 282 284 330 400 401 422 438 495 497 503 
CON 40 192 295 297 404 550 552 721 722 738 743 759 
CON 40 54 296 297 403 449 685 687 721 722 738 743 745 746 759 
CON 77 207 293 294 406 407 408 410 412 527 578 579 
CON 293 294 336 337 405 407 408 410 412 454 455 553 731 
CON 208 217 336 337 405 406 408 454 455 527 578 579 731 
CON 77 207 208 217 405 406 407 553 
CON 410 411 412 434 436 447 453 455 465 466 563 564 641 642 719 
CON 293 294 405 406 409 411 412 446 465 466 563 564 641 642 719 784 
CON 53 207 409 410 412 434 436 446 447 553 784 
CON 53 207 293 294 405 406 409 410 411 453 455 553 
CON 41 205 414 415 426 427 449 721 723 732 744 754 759 
CON 41 202 413 415 426 427 449 518 519 529 754 759 
CON 41 184 413 414 518 519 529 721 723 732 744 
CON 15 42 312 313 325 417 418 441 442 752 
CON 42 266 312 313 416 418 550 551 598 599 777 778 
CON 42 245 416 417 441 442 550 551 598 599 752 777 778 
CON 298 299 365 367 386 387 420 421 466 467 514 516 637 
CON 365 366 419 421 466 467 514 516 549 566 567 571 785 
CON 365 368 386 387 419 420 459 460 549 566 567 571 572 637 785 
CON 39 43 44 56 402 423 456 495 503 
CON 43 44 99 149 422 495 496 497 
CON 45 145 344 346 363 364 379 388 390 392 425 819 
CON 45 225 363 364 388 389 424 474 761 762 791 819 
CON 46 47 54 81 413 414 427 448 449 754 759 
CON 46 47 72 202 413 414 426 449 519 754 759 
CON 48 74 429 430 507 508 509 554 639 760 
CON 48 85 288 291 384 428 430 507 554 555 760 
CON 48 52 288 291 384 428 429 444 508 555 639 
CON 7 49 286 432 433 450 451 476 479 480 514 525 531 532 540 713 785 
CON 49 218 431 433 450 451 480 516 525 531 532 540 549 713 785 
CON 49 174 431 432 476 479 514 515 516 549 592 
CON 409 411 435 436 437 447 514 515 591 641 718 728 729 
CON 285 286 369 370 434 436 437 478 479 514 515 591 641 642 
CON 55 170 409 411 434 435 437 447 453 642 
CON 55 170 285 286 369 370 434 435 436 453 478 479 718 728 729 
CON 381 382 401 402 439 456 457 503 504 566 713 
CON 39 62 381 383 401 438 456 457 473 733 
CON 22 50 320 321 349 397 398 543 556 557 592 
CON 16 51 301 303 313 314 325 416 418 442 443 646 752 
CON 51 203 416 418 441 443 614 615 643 667 668 752 
CON 51 128 301 303 313 314 441 442 614 615 643 646 667 668 
CON 48 52 288 290 301 302 430 445 639 640 
CON 52 127 288 290 302 303 444 605 606 645 
CON 53 261 347 349 410 411 447 557 591 784 
CON 53 177 347 349 409 411 434 436 446 557 591 729 
CON 46 54 81 122 426 449 544 545 746 
CON 40 54 404 413 414 426 427 448 544 746 754 759 
CON 374 375 431 432 451 452 480 524 525 526 531 532 540 542 713 785 
CON 78 159 344 345 375 376 431 432 450 452 480 525 531 532 540 705 713 785 
CON 78 159 375 377 450 451 526 648 650 696 697 704 705 
CON 55 170 409 412 436 437 454 455 477 478 642 756 
CON 55 251 336 337 406 407 453 455 477 478 642 731 756 
CON 55 208 336 337 406 407 409 412 453 454 553 731 
CON 43 56 422 438 439 457 458 503 504 548 568 
CON 56 62 83 189 438 439 456 458 473 
CON 56 82 83 189 456 457 473 504 548 568 
CON 57 58 135 137 365 368 421 460 572 672 
CON 57 58 73 80 365 368 421 459 520 572 
CON 59 232 292 294 462 463 527 563 564 565 625 627 628 651 
CON 59 121 292 294 461 463 481 482 527 563 651 652 682 
CON 59 108 461 462 481 482 564 625 627 628 652 682 
CON 33 147 339 341 344 376 377 390 681 692 
CON 298 300 409 410 466 467 468 563 564 626 627 641 642 719 736 
CON 409 410 419 420 465 467 468 476 477 514 516 563 564 580 581 584 585 641 642 719 755 776 
CON 298 300 316 317 419 420 465 466 468 484 514 516 637 736 
CON 316 317 465 466 467 476 477 484 580 581 584 585 626 627 637 755 776 
CON 60 61 70 186 342 343 350 510 511 
CON 74 185 327 328 358 399 471 472 558 559 760 762 
CON 358 359 470 472 507 509 558 559 609 611 618 760 762 
CON 25 74 75 185 358 470 471 507 509 
CON 62 83 188 189 381 383 439 457 458 733 
CON 63 260 388 389 425 475 541 542 558 560 761 762 771 
CON 63 84 374 376 389 390 474 541 542 558 560 771 
CON 431 433 466 468 477 478 479 514 580 581 584 585 641 755 776 
CON 453 454 466 468 476 478 479 480 546 547 580 581 584 585 642 751 755 756 776 
CON 285 286 369 370 435 437 453 454 476 477 479 641 642 756 
CON 285 286 369 370 431 433 435 437 476 477 478 480 514 546 547 751 
CON 286 287 431 432 450 451 477 479 525 531 532 540 546 547 713 751 785 
CON 64 108 351 352 462 463 482 628 652 682 
CON 64 231 352 353 462 463 481 652 682 683 684 763 828 
CON 114 178 316 318 355 356 386 484 485 490 638 717 
CON 113 179 316 317 355 356 386 467 468 483 485 637 
CON 113 114 178 179 316 319 483 484 493 
CON 30 267 371 487 488 489 570 669 670 805 807 832 
CON 30 267 371 486 488 489 498 499 569 804 806 814 
CON 88 234 486 487 489 569 570 669 670 832 
CON 88 234 486 487 488 498 499 804 805 806 807 814 
CON 308 309 316 318 483 491 492 584 616 618 638 717 760 761 816 817 819 820 822 827 
CON 317 318 490 492 583 584 585 616 618 703 760 761 764 783 816 817 819 820 
CON 308 309 318 319 490 491 494 583 703 764 783 822 827 
CON 65 130 178 179 309 311 316 319 485 494 
CON 65 130 178 230 309 311 318 319 492 493 703 
CON 282 284 330 400 402 422 423 496 497 503 504 567 573 612 
CON 43 99 279 281 423 495 497 503 504 567 573 612 695 
CON 44 149 279 281 282 284 330 400 402 423 495 496 695 
CON 66 67 233 236 487 489 499 803 804 806 809 814 
CON 66 67 88 267 487 489 498 569 804 806 814 
CON 68 263 501 502 517 518 595 770 837 
CON 68 95 500 502 528 595 596 772 794 837 
CON 68 184 500 501 517 518 528 529 596 770 772 794 
CON 43 56 401 402 422 438 456 495 496 504 567 573 612 
CON 381 382 438 456 458 495 496 503 548 566 567 568 573 612 713 
CON 69 129 328 329 359 506 580 582 659 735 751 755 
CON 69 190 327 329 361 362 505 734 735 751 755 
CON 428 429 471 472 508 509 554 617 618 760 
CON 75 116 428 430 507 509 617 618 639 640 
CON 48 74 75 116 428 471 472 507 508 640 
CON 60 70 186 188 378 380 383 469 511 733 
CON 70 195 342 343 350 378 380 383 469 510 747 
CON 71 139 289 291 385 513 539 674 688 689 730 766 829 
CON 71 193 384 385 512 688 689 730 742 768 792 
CON 419 420 431 433 434 435 466 467 476 479 515 516 591 641 
CON 49 174 366 367 433 434 435 514 516 556 557 591 592 641 
CON 366 367 419 420 432 433 466 467 514 515 549 556 557 
CON 72 202 211 212 500 502 518 519 770 
CON 72 227 414 415 500 502 517 519 528 529 770 
CON 47 72 202 212 414 415 427 517 518 529 
CON 36 58 73 80 367 368 397 460 543 
CON 76 129 335 337 522 523 580 658 659 
CON 76 173 521 523 574 575 580 581 582 659 698 
CON 76 242 335 337 521 522 574 575 581 658 698 
CON 79 158 374 375 450 525 526 541 542 704 708 836 
CON 431 432 450 451 480 524 526 531 532 540 541 705 710 712 713 785 836 
CON 79 158 450 452 524 525 704 705 708 710 712 
CON 77 164 292 294 405 407 461 462 563 578 579 651 
CON 72 227 501 502 518 529 596 732 753 772 794 795 
CON 68 184 414 415 502 518 519 528 732 753 795 
CON 360 362 531 532 533 534 535 536 546 561 662 771 836 
CON 7 160 287 431 432 450 451 480 525 530 532 533 534 540 546 713 785 
CON 360 362 431 432 450 451 480 525 530 531 533 535 540 711 712 713 771 785 836 
CON 7 160 287 530 531 532 536 561 662 711 712 
CON 395 396 530 531 535 536 546 547 562 716 734 735 
CON 87 198 360 362 530 532 534 536 547 734 735 771 836 
CON 87 198 395 396 530 533 534 535 561 562 662 716 
CON 271 272 288 289 295 296 538 539 550 597 598 605 616 617 639 739 748 830 
CON 289 290 537 539 597 598 605 606 607 629 767 
CON 289 291 295 296 385 512 537 538 607 629 748 766 767 
CON 78 161 345 346 378 382 431 432 450 451 480 525 531 532 713 785 
CON 79 162 474 475 524 525 542 558 560 715 771 836 
CON 79 84 374 375 450 474 475 524 541 558 560 771 
CON 10 80 299 367 368 397 398 440 520 556 
CON 81 154 448 449 545 653 654 680 687 701 746 
CON 54 81 122 123 448 544 653 654 680 687 
CON 285 287 394 396 477 479 480 530 531 534 547 751 
CON 34 201 396 477 479 480 534 535 546 734 735 751 
CON 14 82 83 194 323 456 458 504 568 
CON 73 218 366 368 420 421 432 433 516 566 567 571 785 
CON 271 272 288 289 295 297 403 417 418 537 551 552 598 599 616 617 639 739 777 778 830 
CON 192 238 271 273 304 305 417 418 550 552 598 599 777 778 811 
CON 192 238 271 274 295 297 403 550 551 600 738 811 
CON 53 55 207 208 406 408 411 412 455 
CON 85 260 428 429 507 555 760 761 762 768 791 
CON 85 209 288 291 384 429 430 554 761 768 791 
CON 299 300 348 349 366 367 397 398 440 515 516 543 557 737 
CON 320 321 347 349 366 367 440 446 447 515 516 556 591 592 
CON 86 260 470 471 474 475 541 542 559 560 760 762 771 
CON 86 185 360 361 399 470 471 558 560 760 762 
CON 86 162 360 361 399 474 475 541 542 558 559 714 771 
CON 87 132 157 168 530 533 536 562 661 662 
CON 87 132 167 168 395 396 534 536 561 716 
CON 292 294 409 410 461 462 465 466 527 564 565 641 642 651 719 720 
CON 409 410 461 463 465 466 563 565 625 627 628 641 642 719 736 737 802 
CON 59 232 461 563 564 720 736 737 802 
CON 194 222 381 382 420 421 438 504 549 567 568 571 713 785 
CON 322 323 420 421 495 496 503 504 549 566 568 571 573 612 785 
CON 194 222 322 323 456 458 504 548 566 567 
CON 67 88 140 267 487 488 499 570 
CON 88 140 141 267 486 488 569 669 670 832 
CON 322 324 355 357 387 420 421 549 566 567 572 573 672 785 
CON 32 137 322 324 365 368 387 421 459 460 571 672 
CON 14 187 322 355 357 387 495 496 503 504 567 571 612 
CON 89 242 335 336 522 523 575 576 577 579 581 698 
CON 89 115 522 523 574 576 581 644 682 683 698 699 765 
CON 89 246 335 336 574 575 577 579 682 683 699 765 
CON 90 246 335 336 574 576 578 579 651 652 765 
CON 90 164 405 407 527 577 579 651 652 765 
CON 90 217 335 336 405 407 527 574 576 577 578 
CON 328 329 359 466 468 476 477 505 521 522 581 582 584 585 659 755 776 
CON 466 468 476 477 522 523 574 575 580 582 584 585 608 611 698 755 776 
CON 76 173 328 329 359 505 522 580 581 608 611 
CON 351 353 491 492 584 585 625 626 703 763 764 783 830 
CON 466 468 476 477 490 491 580 581 583 585 616 618 755 760 761 763 776 816 817 819 820 830 
CON 317 318 351 353 466 468 476 477 491 580 581 583 584 625 626 755 776 
CON 91 210 333 334 587 693 706 769 816 817 822 823 
CON 91 148 332 333 586 693 694 700 702 722 816 823 
CON 92 146 338 339 589 590 613 681 692 697 
CON 92 100 101 144 588 590 613 681 692 697 
CON 2 92 100 144 276 338 339 588 589 
CON 347 349 434 435 446 447 514 515 557 592 641 727 729 
CON 49 174 320 321 433 440 515 557 591 727 729 
CON 93 94 231 244 594 682 684 801 
CON 93 94 121 246 593 652 682 684 765 
CON 95 200 264 265 500 501 596 749 837 
CON 95 200 213 265 501 502 528 595 749 772 794 
CON 96 104 312 314 537 538 598 599 605 622 645 
CON 9 96 295 417 418 537 538 550 551 597 599 605 777 778 
CON 96 266 312 314 417 418 550 551 597 598 645 777 778 
CON 271 274 552 601 602 663 706 707 738 743 825 826 827 
CON 272 274 308 310 600 602 665 706 707 741 743 757 783 827 
CON 273 274 371 373 600 601 663 664 665 757 807 808 815 825 826 
CON 97 98 231 244 306 307 604 657 801 
CON 97 98 239 241 306 307 603 657 812 818 
CON 302 303 445 537 538 597 598 606 607 619 620 622 645 
CON 127 138 289 290 302 303 445 538 605 607 630 645 
CON 127 138 538 539 605 606 619 620 622 629 630 767 
CON 581 582 609 610 611 615 616 644 698 776 
CON 358 359 471 608 610 611 614 616 617 618 640 646 776 
CON 102 173 608 609 611 614 615 617 640 644 646 698 
CON 102 173 358 359 471 581 582 608 609 610 618 
CON 99 187 279 280 356 357 495 496 503 504 567 573 638 
CON 100 101 150 152 588 589 681 692 696 697 
CON 102 128 442 443 609 610 615 617 640 643 646 667 668 
CON 102 115 442 443 608 610 614 643 644 667 668 698 
CON 271 272 288 289 490 491 537 550 584 608 609 617 618 639 739 760 761 776 816 817 819 820 830 
CON 271 272 288 289 507 508 537 550 609 610 614 616 618 639 640 646 739 830 
CON 358 359 471 490 491 507 508 584 609 611 616 617 760 761 816 817 819 820 
CON 103 250 605 607 620 621 622 629 630 
CON 103 104 106 138 605 607 619 621 622 623 
CON 103 106 138 180 619 620 623 630 673 
CON 96 104 597 605 607 619 620 623 624 645 758 
CON 104 105 106 138 620 621 622 624 645 758 
CON 105 106 214 224 622 623 645 758 773 
CON 107 117 351 353 461 463 564 583 585 626 627 628 
CON 65 107 317 319 351 353 465 468 583 585 625 627 
CON 107 191 461 463 465 468 564 625 626 628 736 
CON 108 117 351 352 461 463 481 564 625 627 
CON 103 250 538 539 607 619 630 673 674 676 767 833 
CON 127 138 606 607 619 621 629 673 674 676 833 
CON 3 109 156 157 277 632 661 662 711 
CON 109 163 277 278 631 661 662 708 709 710 711 712 715 836 
CON 110 111 134 223 634 671 780 782 786 790 
CON 110 111 220 221 633 780 782 786 789 790 
CON 112 249 269 270 636 693 694 724 820 821 823 
CON 112 253 268 269 635 730 742 820 821 823 831 
CON 10 113 298 316 317 386 387 419 421 467 468 484 
CON 114 169 279 280 316 318 356 357 483 490 612 717 
CON 271 272 288 289 301 302 428 430 444 508 537 550 616 617 640 739 830 
CON 75 116 301 302 444 508 509 609 610 614 617 639 646 
CON 409 410 434 435 465 466 476 478 514 515 563 564 591 642 719 
CON 409 410 435 436 453 454 465 466 477 478 563 564 641 719 756 
CON 115 256 442 443 614 615 644 655 656 667 668 699 
CON 89 115 575 608 610 615 643 655 656 698 699 
CON 302 303 312 314 445 597 599 605 606 622 623 624 758 
CON 116 128 301 303 313 314 441 443 609 610 614 617 640 
CON 118 119 215 240 353 354 764 774 775 813 
CON 120 159 375 377 452 649 650 696 697 704 708 709 
CON 3 120 151 158 278 648 650 708 
CON 120 151 152 158 375 377 452 648 649 696 697 704 
CON 121 164 292 294 461 462 527 563 577 578 652 765 
CON 94 121 462 463 481 482 577 578 594 651 682 765 
CON 122 123 125 126 544 545 654 680 687 
CON 125 126 142 143 544 545 653 679 680 687 
CON 244 256 304 306 643 644 656 657 666 667 699 778 
CON 305 306 643 644 655 657 683 684 699 739 740 801 828 
CON 244 256 306 307 603 604 655 656 683 684 801 
CON 129 183 335 337 521 523 659 731 755 756 
CON 69 129 505 521 522 580 658 731 755 756 
CON 130 131 206 219 308 311 664 665 757 787 
CON 87 132 156 157 561 631 632 662 711 
CON 132 160 530 533 536 561 631 632 661 711 
CON 206 228 600 602 664 665 798 824 825 826 
CON 131 219 273 274 371 373 602 660 663 665 787 807 808 815 824 
CON 131 206 219 228 601 602 660 663 664 757 787 798 
CON 133 237 304 306 655 667 668 752 777 778 779 810 
CON 133 256 304 306 442 443 614 615 643 655 666 668 778 
CON 133 203 442 443 614 615 643 666 667 752 777 
CON 134 140 141 223 486 488 570 670 671 832 
CON 30 134 372 486 488 570 669 671 780 781 832 
CON 110 134 141 223 633 669 670 780 781 
CON 57 135 136 137 322 324 459 571 572 
CON 103 138 180 181 621 629 630 674 676 833 
CON 71 139 512 629 630 673 675 676 725 829 833 
CON 139 172 180 254 674 676 725 726 
CON 139 172 180 181 629 630 673 674 675 833 
CON 142 197 678 679 680 685 690 691 745 835 
CON 142 143 257 258 677 679 690 691 835 
CON 125 142 143 257 654 677 678 680 685 
CON 143 252 544 545 653 654 677 679 685 686 687 
CON 146 147 339 341 344 464 588 589 613 692 697 
CON 462 463 481 482 575 576 593 594 652 683 684 699 765 
CON 352 353 482 575 576 656 657 682 684 699 763 765 801 828 
CON 64 231 482 593 594 656 657 682 683 801 
CON 268 270 296 297 404 677 679 680 686 687 689 690 745 746 
CON 143 252 268 270 680 685 687 689 690 701 702 724 
CON 296 297 404 544 545 653 654 680 685 686 701 702 724 745 746 
CON 512 513 689 690 691 725 726 730 745 748 766 829 834 
CON 182 259 268 270 512 513 685 686 688 690 691 730 
CON 268 270 677 678 685 686 688 689 691 745 748 766 835 
CON 182 259 677 678 688 689 690 725 726 829 834 835 
CON 147 153 376 377 464 588 589 613 681 697 
CON 148 249 269 270 586 587 635 694 724 816 823 
CON 148 171 269 270 332 333 587 635 693 700 702 722 724 
CON 149 210 279 281 330 331 496 497 769 816 
CON 100 150 151 152 375 377 452 613 648 650 697 704 
CON 150 153 375 377 452 588 589 613 648 650 681 692 696 704 
CON 522 523 574 575 581 608 610 615 644 699 776 828 830 
CON 575 576 643 644 655 656 682 683 698 765 776 828 830 
CON 154 205 332 333 587 694 701 702 722 746 754 759 
CON 81 154 544 686 687 700 702 724 746 759 
CON 154 171 332 333 587 686 687 694 700 701 722 724 
CON 65 230 309 310 491 492 494 583 764 783 
CON 79 158 375 377 452 524 526 648 650 696 697 705 708 709 
CON 78 159 451 452 525 526 704 709 710 712 
CON 155 247 333 334 586 600 601 707 743 817 822 827 
CON 155 204 332 334 600 601 706 721 743 744 827 
CON 79 158 277 278 524 526 632 648 649 704 709 710 
CON 120 159 277 278 632 648 704 705 708 710 
CON 159 160 277 278 525 526 632 705 708 709 711 712 
CON 159 160 532 533 631 632 661 662 710 712 
CON 109 163 525 526 532 533 632 705 710 711 715 836 
CON 161 222 381 382 431 432 438 450 451 480 504 525 531 532 540 566 785 
CON 26 86 162 163 360 560 715 771 
CON 79 109 162 163 541 632 712 714 771 836 
CON 165 166 167 168 395 396 534 536 562 
CON 169 247 280 281 316 318 483 490 638 769 817 822 
CON 28 170 175 176 369 434 437 728 729 
CON 292 293 347 348 409 410 465 466 563 564 641 642 720 784 802 
CON 8 232 292 347 348 563 565 719 784 802 
CON 332 334 403 404 413 415 707 722 723 732 738 743 744 759 
CON 332 333 403 404 587 694 700 702 721 723 738 743 754 759 
CON 19 205 332 413 415 721 722 732 744 754 
CON 171 252 269 270 635 686 687 693 694 701 702 
CON 172 250 674 675 688 691 726 829 833 834 
CON 139 172 254 255 675 688 691 725 829 834 
CON 12 174 175 177 321 591 592 728 729 
CON 174 175 176 177 434 437 718 727 729 
CON 53 177 434 437 447 591 592 718 727 728 
CON 182 193 268 269 512 513 636 688 689 742 831 
CON 183 251 336 337 406 407 454 455 658 659 755 756 
CON 184 204 413 415 528 529 721 723 744 753 795 
CON 70 186 188 189 381 383 439 473 510 
CON 190 198 327 329 361 362 506 534 535 547 735 
CON 190 201 505 506 534 535 547 734 751 755 
CON 107 191 298 300 465 467 564 565 627 737 802 
CON 191 262 299 300 348 349 556 564 565 736 802 
CON 192 243 271 274 403 404 552 600 721 722 743 759 826 
CON 271 272 288 289 305 306 537 550 616 617 639 656 740 741 763 764 828 830 
CON 272 273 305 306 656 739 741 774 775 815 828 
CON 272 274 308 310 601 739 740 763 764 774 775 783 815 
CON 193 248 268 269 384 385 513 636 730 768 792 831 
CON 403 404 600 601 706 707 721 722 738 744 753 759 800 826 827 
CON 155 204 413 415 707 721 723 732 743 753 800 826 
CON 142 197 296 297 404 677 685 687 688 690 746 748 766 
CON 296 297 404 448 449 544 685 687 700 701 745 759 
CON 23 70 195 196 350 379 380 393 511 
CON 197 250 295 296 537 539 688 690 745 766 767 
CON 199 200 213 265 595 596 750 772 788 
CON 199 200 220 221 749 772 788 789 
CON 201 251 477 479 480 505 506 546 547 735 755 756 
CON 203 245 416 418 441 442 666 668 777 
CON 204 229 528 529 732 743 744 795 799 800 826 
CON 154 205 413 414 426 427 449 700 722 723 759 
CON 466 468 476 477 505 506 580 581 584 585 658 659 731 735 751 756 776 
CON 201 251 453 454 477 478 642 658 659 731 751 755 
CON 206 247 308 311 601 602 660 665 827 
CON 11 224 303 314 315 622 623 624 645 773 
CON 403 404 413 414 426 427 449 700 701 721 722 738 743 746 754 
CON 428 429 470 471 490 491 507 554 558 559 584 616 618 761 762 816 817 819 820 
CON 388 389 425 474 490 491 554 555 584 616 618 760 762 768 791 816 817 819 820 
CON 85 260 388 389 425 470 471 474 554 558 559 760 761 
CON 352 353 482 583 584 683 739 741 764 828 830 
CON 353 354 491 492 583 647 703 739 741 763 775 783 
CON 93 246 575 576 577 578 594 651 652 682 683 699 
CON 289 291 385 512 539 688 690 745 748 767 829 833 
CON 197 250 538 539 607 629 748 766 829 833 
CON 209 225 384 385 513 554 555 742 761 791 792 
CON 91 210 280 281 330 331 586 695 717 816 817 
CON 211 212 263 265 500 502 517 518 837 
CON 360 362 474 475 530 532 535 541 542 558 560 714 715 836 
CON 213 229 501 502 528 596 749 750 788 794 796 
CON 16 105 214 224 314 315 326 624 758 
CON 119 215 235 240 647 740 741 775 808 813 815 
CON 215 230 353 354 647 740 741 764 774 783 815 
CON 466 468 476 477 580 581 584 585 608 609 616 698 699 755 828 830 
CON 238 245 417 418 550 551 598 599 666 668 752 778 779 
CON 304 306 417 418 550 551 598 599 655 666 667 777 779 811 
CON 133 237 238 245 666 777 778 810 811 
CON 216 223 633 634 670 671 781 782 786 790 
CON 216 235 372 373 670 671 780 782 787 807 832 
CON 216 219 372 373 633 634 780 781 786 787 790 
CON 215 230 272 274 308 310 491 492 583 601 703 741 764 775 
CON 8 261 293 347 348 410 411 446 719 720 802 
CON 218 222 420 421 431 432 450 451 480 525 531 532 540 549 566 567 571 713 
CON 219 226 633 634 780 782 787 790 793 798 824 
CON 131 219 372 373 660 664 665 781 782 786 793 798 824 
CON 220 227 749 750 772 789 790 793 794 796 797 
CON 110 199 220 221 634 750 788 790 793 796 797 
CON 221 226 633 634 780 782 786 788 789 793 796 797 
CON 45 225 425 554 555 761 768 792 819 821 831 
CON 225 248 384 385 513 742 768 791 819 821 831 
CON 226 228 786 787 788 789 790 796 797 798 824 
CON 220 227 501 502 528 596 772 788 795 796 799 
CON 227 243 528 529 732 753 794 796 799 800 
CON 213 229 772 788 789 790 793 794 795 797 799 
CON 228 229 788 789 790 793 796 798 799 800 825 
CON 206 228 663 665 786 787 793 797 799 800 824 825 
CON 204 229 753 794 795 796 797 798 800 825 
CON 227 243 743 744 753 795 797 798 799 825 826 
CON 93 97 231 244 593 603 656 657 683 684 
CON 232 262 347 348 564 565 719 720 736 737 784 
CON 66 233 236 239 498 804 809 812 818 
CON 233 241 487 489 498 499 803 806 812 814 818 
CON 234 235 486 489 806 807 808 813 
CON 234 240 487 489 498 499 804 805 808 813 814 
CON 216 235 273 274 371 373 486 489 602 664 781 805 808 815 832 
CON 215 235 273 274 371 373 602 664 774 805 806 807 813 815 
CON 66 236 237 239 304 307 498 803 810 811 812 
CON 133 236 237 238 304 307 666 779 809 811 812 
CON 192 238 304 307 551 552 778 779 809 810 812 
CON 98 239 304 307 604 803 804 809 810 811 818 
CON 119 240 305 307 647 774 805 806 808 814 815 818 
CON 240 241 305 307 487 489 498 499 804 806 813 815 818 
CON 273 274 305 307 371 373 602 664 740 741 774 775 807 808 813 814 818 
CON 330 331 490 491 584 586 587 616 618 693 695 760 761 769 817 819 820 823 
CON 280 281 333 334 490 491 584 586 616 618 706 717 760 761 769 816 819 820 822 
CON 97 241 305 307 604 803 804 812 813 814 815 
CON 363 364 424 425 490 491 584 616 618 760 761 791 792 816 817 820 821 831 
CON 282 283 331 364 490 491 584 616 618 635 636 760 761 816 817 819 821 823 
CON 27 253 364 635 636 791 792 819 820 823 831 
CON 169 247 308 309 333 334 490 492 586 706 717 817 827 
CON 18 249 331 586 587 635 636 693 816 820 821 
CON 30 243 373 663 664 786 787 793 798 825 
CON 30 243 373 600 602 663 797 798 799 800 824 826 
CON 192 243 600 602 663 738 743 744 753 800 825 
CON 206 247 308 309 490 492 600 601 706 707 743 757 822 
CON 305 306 352 353 482 656 683 698 699 739 740 763 776 830 
CON 71 139 512 674 688 691 725 726 766 767 833 834 
CON 271 272 288 289 537 550 583 584 616 617 639 698 699 739 763 776 828 
CON 248 253 268 269 636 730 742 791 792 819 821 
CON 216 235 371 372 486 488 570 669 670 781 807 
CON 172 250 629 630 673 674 676 725 766 767 829 
CON 254 255 258 259 688 691 725 726 829 835 
CON 255 257 258 259 677 678 690 691 834 
CON 109 163 360 362 524 525 530 532 535 541 632 712 715 771 
CON 211 263 264 265 500 501 595 770 
Starting volume (838) computation...
0 / 838
1 / 838
2 / 838
3 / 838
4 / 838
5 / 838
6 / 838
7 / 838
8 / 838
9 / 838
10 / 838
11 / 838
12 / 838
13 / 838
14 / 838
15 / 838
16 / 838
17 / 838
18 / 838
19 / 838
20 / 838
21 / 838
22 / 838
23 / 838
24 / 838
25 / 838
26 / 838
27 / 838
28 / 838
29 / 838
30 / 838
31 / 838
32 / 838
33 / 838
34 / 838
35 / 838
36 / 838
37 / 838
38 / 838
39 / 838
40 / 838
41 / 838
42 / 838
43 / 838
44 / 838
45 / 838
46 / 838
47 / 838
48 / 838
49 / 838
50 / 838
51 / 838
52 / 838
53 / 838
54 / 838
55 / 838
56 / 838
57 / 838
58 / 838
59 / 838
60 / 838
61 / 838
62 / 838
63 / 838
64 / 838
65 / 838
66 / 838
67 / 838
68 / 838
69 / 838
70 / 838
71 / 838
72 / 838
73 / 838
74 / 838
75 / 838
76 / 838
77 / 838
78 / 838
79 / 838
80 / 838
81 / 838
82 / 838
83 / 838
84 / 838
85 / 838
86 / 838
87 / 838
88 / 838
89 / 838
90 / 838
91 / 838
92 / 838
93 / 838
94 / 838
95 / 838
96 / 838
97 / 838
98 / 838
99 / 838
100 / 838
101 / 838
102 / 838
103 / 838
104 / 838
105 / 838
106 / 838
107 / 838
108 / 838
109 / 838
110 / 838
111 / 838
112 / 838
113 / 838
114 / 838
115 / 838
116 / 838
117 / 838
118 / 838
119 / 838
120 / 838
121 / 838
122 / 838
123 / 838
124 / 838
125 / 838
126 / 838
127 / 838
128 / 838
129 / 838
130 / 838
131 / 838
132 / 838
133 / 838
134 / 838
135 / 838
136 / 838
137 / 838
138 / 838
139 / 838
140 / 838
141 / 838
142 / 838
143 / 838
144 / 838
145 / 838
146 / 838
147 / 838
148 / 838
149 / 838
150 / 838
151 / 838
152 / 838
153 / 838
154 / 838
155 / 838
156 / 838
157 / 838
158 / 838
159 / 838
160 / 838
161 / 838
162 / 838
163 / 838
164 / 838
165 / 838
166 / 838
167 / 838
168 / 838
169 / 838
170 / 838
171 / 838
172 / 838
173 / 838
174 / 838
175 / 838
176 / 838
177 / 838
178 / 838
179 / 838
180 / 838
181 / 838
182 / 838
183 / 838
184 / 838
185 / 838
186 / 838
187 / 838
188 / 838
189 / 838
190 / 838
191 / 838
192 / 838
193 / 838
194 / 838
195 / 838
196 / 838
197 / 838
198 / 838
199 / 838
200 / 838
201 / 838
202 / 838
203 / 838
204 / 838
205 / 838
206 / 838
207 / 838
208 / 838
209 / 838
210 / 838
211 / 838
212 / 838
213 / 838
214 / 838
215 / 838
216 / 838
217 / 838
218 / 838
219 / 838
220 / 838
221 / 838
222 / 838
223 / 838
224 / 838
225 / 838
226 / 838
227 / 838
228 / 838
229 / 838
230 / 838
231 / 838
232 / 838
233 / 838
234 / 838
235 / 838
236 / 838
237 / 838
238 / 838
239 / 838
240 / 838
241 / 838
242 / 838
243 / 838
244 / 838
245 / 838
246 / 838
247 / 838
248 / 838
249 / 838
250 / 838
251 / 838
252 / 838
253 / 838
254 / 838
255 / 838
256 / 838
257 / 838
258 / 838
259 / 838
260 / 838
261 / 838
262 / 838
263 / 838
264 / 838
265 / 838
266 / 838
267 / 838
268 / 838
269 / 838
270 / 838
271 / 838
272 / 838
273 / 838
274 / 838
275 / 838
276 / 838
277 / 838
278 / 838
279 / 838
280 / 838
281 / 838
282 / 838
283 / 838
284 / 838
285 / 838
286 / 838
287 / 838
288 / 838
289 / 838
290 / 838
291 / 838
292 / 838
293 / 838
294 / 838
295 / 838
296 / 838
297 / 838
298 / 838
299 / 838
300 / 838
301 / 838
302 / 838
303 / 838
304 / 838
305 / 838
306 / 838
307 / 838
308 / 838
309 / 838
310 / 838
311 / 838
312 / 838
313 / 838
314 / 838
315 / 838
316 / 838
317 / 838
318 / 838
319 / 838
320 / 838
321 / 838
322 / 838
323 / 838
324 / 838
325 / 838
326 / 838
327 / 838
328 / 838
329 / 838
330 / 838
331 / 838
332 / 838
333 / 838
334 / 838
335 / 838
336 / 838
337 / 838
338 / 838
339 / 838
340 / 838
341 / 838
342 / 838
343 / 838
344 / 838
345 / 838
346 / 838
347 / 838
348 / 838
349 / 838
350 / 838
351 / 838
352 / 838
353 / 838
354 / 838
355 / 838
356 / 838
357 / 838
358 / 838
359 / 838
360 / 838
361 / 838
362 / 838
363 / 838
364 / 838
365 / 838
366 / 838
367 / 838
368 / 838
369 / 838
370 / 838
371 / 838
372 / 838
373 / 838
374 / 838
375 / 838
376 / 838
377 / 838
378 / 838
379 / 838
380 / 838
381 / 838
382 / 838
383 / 838
384 / 838
385 / 838
386 / 838
387 / 838
388 / 838
389 / 838
390 / 838
391 / 838
392 / 838
393 / 838
394 / 838
395 / 838
396 / 838
397 / 838
398 / 838
399 / 838
400 / 838
401 / 838
402 / 838
403 / 838
404 / 838
405 / 838
406 / 838
407 / 838
408 / 838
409 / 838
410 / 838
411 / 838
412 / 838
413 / 838
414 / 838
415 / 838
416 / 838
417 / 838
418 / 838
419 / 838
420 / 838
421 / 838
422 / 838
423 / 838
424 / 838
425 / 838
426 / 838
427 / 838
428 / 838
429 / 838
430 / 838
431 / 838
432 / 838
433 / 838
434 / 838
435 / 838
436 / 838
437 / 838
438 / 838
439 / 838
440 / 838
441 / 838
442 / 838
443 / 838
444 / 838
445 / 838
446 / 838
447 / 838
448 / 838
449 / 838
450 / 838
451 / 838
452 / 838
453 / 838
454 / 838
455 / 838
456 / 838
457 / 838
458 / 838
459 / 838
460 / 838
461 / 838
462 / 838
463 / 838
464 / 838
465 / 838
466 / 838
467 / 838
468 / 838
469 / 838
470 / 838
471 / 838
472 / 838
473 / 838
474 / 838
475 / 838
476 / 838
477 / 838
478 / 838
479 / 838
480 / 838
481 / 838
482 / 838
483 / 838
484 / 838
485 / 838
486 / 838
487 / 838
488 / 838
489 / 838
490 / 838
491 / 838
492 / 838
493 / 838
494 / 838
495 / 838
496 / 838
497 / 838
498 / 838
499 / 838
500 / 838
501 / 838
502 / 838
503 / 838
504 / 838
505 / 838
506 / 838
507 / 838
508 / 838
509 / 838
510 / 838
511 / 838
512 / 838
513 / 838
514 / 838
515 / 838
516 / 838
517 / 838
518 / 838
519 / 838
520 / 838
521 / 838
522 / 838
523 / 838
524 / 838
525 / 838
526 / 838
527 / 838
528 / 838
529 / 838
530 / 838
531 / 838
532 / 838
533 / 838
534 / 838
535 / 838
536 / 838
537 / 838
538 / 838
539 / 838
540 / 838
541 / 838
542 / 838
543 / 838
544 / 838
545 / 838
546 / 838
547 / 838
548 / 838
549 / 838
550 / 838
551 / 838
552 / 838
553 / 838
554 / 838
555 / 838
556 / 838
557 / 838
558 / 838
559 / 838
560 / 838
561 / 838
562 / 838
563 / 838
564 / 838
565 / 838
566 / 838
567 / 838
568 / 838
569 / 838
570 / 838
571 / 838
572 / 838
573 / 838
574 / 838
575 / 838
576 / 838
577 / 838
578 / 838
579 / 838
580 / 838
581 / 838
582 / 838
583 / 838
584 / 838
585 / 838
586 / 838
587 / 838
588 / 838
589 / 838
590 / 838
591 / 838
592 / 838
593 / 838
594 / 838
595 / 838
596 / 838
597 / 838
598 / 838
599 / 838
600 / 838
601 / 838
602 / 838
603 / 838
604 / 838
605 / 838
606 / 838
607 / 838
608 / 838
609 / 838
610 / 838
611 / 838
612 / 838
613 / 838
614 / 838
615 / 838
616 / 838
617 / 838
618 / 838
619 / 838
620 / 838
621 / 838
622 / 838
623 / 838
624 / 838
625 / 838
626 / 838
627 / 838
628 / 838
629 / 838
630 / 838
631 / 838
632 / 838
633 / 838
634 / 838
635 / 838
636 / 838
637 / 838
638 / 838
639 / 838
640 / 838
641 / 838
642 / 838
643 / 838
644 / 838
645 / 838
646 / 838
647 / 838
648 / 838
649 / 838
650 / 838
651 / 838
652 / 838
653 / 838
654 / 838
655 / 838
656 / 838
657 / 838
658 / 838
659 / 838
660 / 838
661 / 838
662 / 838
663 / 838
664 / 838
665 / 838
666 / 838
667 / 838
668 / 838
669 / 838
670 / 838
671 / 838
672 / 838
673 / 838
674 / 838
675 / 838
676 / 838
677 / 838
678 / 838
679 / 838
680 / 838
681 / 838
682 / 838
683 / 838
684 / 838
685 / 838
686 / 838
687 / 838
688 / 838
689 / 838
690 / 838
691 / 838
692 / 838
693 / 838
694 / 838
695 / 838
696 / 838
697 / 838
698 / 838
699 / 838
700 / 838
701 / 838
702 / 838
703 / 838
704 / 838
705 / 838
706 / 838
707 / 838
708 / 838
709 / 838
710 / 838
711 / 838
712 / 838
713 / 838
714 / 838
715 / 838
716 / 838
717 / 838
718 / 838
719 / 838
720 / 838
721 / 838
722 / 838
723 / 838
724 / 838
725 / 838
726 / 838
727 / 838
728 / 838
729 / 838
730 / 838
731 / 838
732 / 838
733 / 838
734 / 838
735 / 838
736 / 838
737 / 838
738 / 838
739 / 838
740 / 838
741 / 838
742 / 838
743 / 838
744 / 838
745 / 838
746 / 838
747 / 838
748 / 838
749 / 838
750 / 838
751 / 838
752 / 838
753 / 838
754 / 838
755 / 838
756 / 838
757 / 838
758 / 838
759 / 838
760 / 838
761 / 838
762 / 838
763 / 838
764 / 838
765 / 838
766 / 838
767 / 838
768 / 838
769 / 838
770 / 838
771 / 838
772 / 838
773 / 838
774 / 838
775 / 838
776 / 838
777 / 838
778 / 838
779 / 838
780 / 838
781 / 838
782 / 838
783 / 838
784 / 838
785 / 838
786 / 838
787 / 838
788 / 838
789 / 838
790 / 838
791 / 838
792 / 838
793 / 838
794 / 838
795 / 838
796 / 838
797 / 838
798 / 838
799 / 838
800 / 838
801 / 838
802 / 838
803 / 838
804 / 838
805 / 838
806 / 838
807 / 838
808 / 838
809 / 838
810 / 838
811 / 838
812 / 838
813 / 838
814 / 838
815 / 838
816 / 838
817 / 838
818 / 838
819 / 838
820 / 838
821 / 838
822 / 838
823 / 838
824 / 838
825 / 838
826 / 838
827 / 838
828 / 838
829 / 838
830 / 838
831 / 838
832 / 838
833 / 838
834 / 838
835 / 838
836 / 838
837 / 838
V 0.057035
V 0.044031
V 0.043468
V 0.114496
V 0.116995
V 0.090375
V 0.016036
V 0.110423
V 0.034668
V 0.042933
V 0.060068
V 0.045550
V 0.013848
V 0.119366
V 0.116995
V 0.105485
V 0.077266
V 0.044031
V 0.009326
V 0.053058
V 0.098169
V 0.133069
V 0.103320
V 0.118929
V 0.044665
V 0.052691
V 0.056175
V 0.097816
V 0.119699
V 0.063493
V 0.060489
V 0.119366
V 0.101260
V 0.101043
V 0.120399
V 0.050154
V 0.038207
V 0.022766
V 0.119699
V 0.053352
V 0.077261
V 0.161853
V 0.060068
V 0.042383
V 0.050585
V 0.015018
V 0.066110
V 0.058798
V 0.064682
V 0.044503
V 0.057685
V 0.045278
V 0.064658
V 0.120358
V 0.074612
V 0.026765
V 0.050202
V 0.010562
V 0.119557
V 0.045278
V 0.056175
V 0.052263
V 0.066374
V 0.027511
V 0.123582
V 0.022476
V 0.162059
V 0.103625
V 0.060489
V 0.057162
V 0.064682
V 0.104142
V 0.073101
V 0.119748
V 0.063456
V 0.017616
V 0.097077
V 0.069008
V 0.105485
V 0.059804
V 0.027633
V 0.009486
V 0.037797
V 0.021240
V 0.099084
V 0.059805
V 0.044452
V 0.011055
V 0.025537
V 0.018380
V 0.072134
V 0.057685
V 0.044600
V 0.028456
V 0.074502
V 0.097816
V 0.113445
V 0.058964
V 0.042933
V 0.072134
V 0.027267
V 0.065450
V 0.056797
V 0.057162
V 0.071381
V 0.050969
V 0.050585
V 0.044452
V 0.107867
V 0.028297
V 0.071210
V 0.056632
V 0.016621
V 0.045550
V 0.044503
V 0.016699
V 0.018519
V 0.017616
V 0.052955
V 0.050969
V 0.065909
V 0.118929
V 0.063186
V 0.063186
V 0.095548
V 0.116747
V 0.059577
V 0.059577
V 0.053831
V 0.073124
V 0.136383
V 0.044600
V 0.043468
V 0.092164
V 0.090594
V 0.160013
V 0.022527
V 0.056797
V 0.063493
V 0.063456
V 0.114496
V 0.048223
V 0.073124
V 0.013970
V 0.136083
V 0.065739
V 0.046780
V 0.043978
V 0.026765
V 0.016699
V 0.054598
V 0.077266
V 0.052860
V 0.119748
V 0.072256
V 0.098169
V 0.064658
V 0.103493
V 0.034668
V 0.120209
V 0.054599
V 0.072720
V 0.022906
V 0.039967
V 0.103493
V 0.029530
V 0.101599
V 0.053352
V 0.056632
V 0.052860
V 0.050154
V 0.028297
V 0.010219
V 0.073101
V 0.116747
V 0.021123
V 0.018972
V 0.006523
V 0.027267
V 0.036511
V 0.069008
V 0.163029
V 0.038042
V 0.048292
V 0.031131
V 0.160111
V 0.028456
V 0.018380
V 0.071271
V 0.038042
V 0.062657
V 0.055854
V 0.055854
V 0.170049
V 0.027633
V 0.018153
V 0.050202
V 0.063006
V 0.073492
V 0.055875
V 0.064899
V 0.055875
V 0.063006
V 0.061367
V 0.097077
V 0.147416
V 0.021240
V 0.057173
V 0.089157
V 0.136383
V 0.071271
V 0.095548
V 0.009247
V 0.066933
V 0.057035
V 0.074502
V 0.028167
V 0.058964
V 0.034347
V 0.034347
V 0.120358
V 0.005171
V 0.027480
V 0.010562
V 0.009486
V 0.017998
V 0.027228
V 0.238518
V 0.058621
V 0.115248
V 0.323180
V 0.352497
V 0.167845
V 0.097074
V 0.074176
V 0.028031
V 0.079820
V 0.014374
V 0.005216
V 0.066093
V 0.095941
V 0.059076
V 0.042693
V 0.249470
V 0.082652
V 0.141189
V 0.085598
V 0.106460
V 0.287663
V 0.039451
V 0.016673
V 0.035393
V 0.199718
V 0.113057
V 0.106445
V 0.561471
V 0.171559
V 0.239205
V 0.132359
V 0.069562
V 0.286175
V 0.240367
V 0.382793
V 0.046253
V 0.085263
V 0.107994
V 0.628903
V 0.149529
V 0.103867
V 0.223783
V 0.058168
V 0.155635
V 0.139172
V 0.037655
V 0.017100
V 0.079053
V 0.196588
V 0.110363
V 0.237112
V 0.102624
V 0.201627
V 0.157723
V 0.163041
V 0.076509
V 0.110898
V 0.027331
V 0.038827
V 0.025192
V 0.037183
V 0.100852
V 0.224076
V 0.111722
V 0.145933
V 0.078391
V 0.047409
V 0.045831
V 0.190910
V 0.241250
V 0.067159
V 0.032122
V 0.059659
V 0.040150
V 0.081236
V 0.494432
V 0.155479
V 0.118490
V 0.136656
V 0.034078
V 0.284047
V 0.283016
V 0.030439
V 0.232436
V 0.137099
V 0.048590
V 0.064975
V 0.049881
V 0.173847
V 0.228583
V 0.146359
V 0.173337
V 0.050715
V 0.048314
V 0.080551
V 0.096001
V 0.237536
V 0.214461
V 0.214907
V 0.117776
V 0.249458
V 0.101292
V 0.044353
V 0.342692
V 0.042520
V 0.013132
V 0.205870
V 0.152087
V 0.087709
V 0.021504
V 0.449113
V 0.081587
V 0.028146
V 0.009628
V 0.084421
V 0.076620
V 0.065628
V 0.076195
V 0.177448
V 0.377802
V 0.323497
V 0.102822
V 0.033829
V 0.041077
VOL 0 268 269 270
VOL 1 2 275 276
VOL 3 4 277 278
VOL 5 279 280 281
VOL 6 282 283 284
VOL 7 285 286 287
VOL 8 292 293 294
VOL 9 295 296 297
VOL 10 298 299 300
VOL 11 301 302 303
VOL 12 13 320 321
VOL 14 322 323 324
VOL 15 16 325 326
VOL 17 327 328 329
VOL 18 282 330 331
VOL 19 332 333 334
VOL 20 335 336 337
VOL 21 275 342 343
VOL 22 347 348 349
VOL 23 340 343 350
VOL 24 355 356 357
VOL 25 328 358 359
VOL 26 360 361 362
VOL 27 283 363 364
VOL 28 29 369 370
VOL 30 371 372 373
VOL 31 291 384 385
VOL 32 355 386 387
VOL 33 388 389 390
VOL 34 394 395 396
VOL 35 36 397 398
VOL 37 327 361 399
VOL 38 284 391 400
VOL 39 400 401 402
VOL 40 297 403 404
VOL 41 413 414 415
VOL 42 416 417 418
VOL 43 44 422 423
VOL 45 388 424 425
VOL 46 47 426 427
VOL 48 428 429 430
VOL 49 431 432 433
VOL 50 320 398 440
VOL 51 441 442 443
VOL 52 302 444 445
VOL 53 411 446 447
VOL 54 426 448 449
VOL 55 453 454 455
VOL 56 456 457 458
VOL 57 58 459 460
VOL 59 461 462 463
VOL 60 61 342 469
VOL 62 439 457 473
VOL 63 389 474 475
VOL 64 352 481 482
VOL 65 319 493 494
VOL 66 67 498 499
VOL 68 500 501 502
VOL 69 329 505 506
VOL 70 469 510 511
VOL 71 385 512 513
VOL 72 517 518 519
VOL 73 368 460 520
VOL 74 75 472 509
VOL 76 521 522 523
VOL 77 294 405 527
VOL 78 345 451 540
VOL 79 524 541 542
VOL 80 397 520 543
VOL 81 448 544 545
VOL 82 83 458 548
VOL 84 374 475 542
VOL 85 429 554 555
VOL 86 558 559 560
VOL 87 536 561 562
VOL 88 488 569 570
VOL 89 574 575 576
VOL 90 577 578 579
VOL 91 333 586 587
VOL 92 588 589 590
VOL 93 94 593 594
VOL 95 501 595 596
VOL 96 597 598 599
VOL 97 98 603 604
VOL 99 279 496 612
VOL 100 101 589 613
VOL 102 610 614 615
VOL 103 619 620 621
VOL 104 620 622 623
VOL 105 106 623 624
VOL 107 625 626 627
VOL 108 463 481 628
VOL 109 277 631 632
VOL 110 111 633 634
VOL 112 269 635 636
VOL 113 386 484 637
VOL 114 356 483 638
VOL 115 615 643 644
VOL 116 301 640 646
VOL 117 351 625 628
VOL 118 119 354 647
VOL 120 648 649 650
VOL 121 462 651 652
VOL 122 123 545 653
VOL 124 285 370 394
VOL 125 126 653 654
VOL 127 290 445 606
VOL 128 443 614 646
VOL 129 521 658 659
VOL 130 131 311 660
VOL 132 561 661 662
VOL 133 666 667 668
VOL 134 669 670 671
VOL 135 136 324 672
VOL 137 459 572 672
VOL 138 621 630 673
VOL 139 674 675 676
VOL 140 141 570 669
VOL 142 677 678 679
VOL 143 654 679 680
VOL 144 276 338 590
VOL 145 363 392 424
VOL 146 339 588 681
VOL 147 464 681 692
VOL 148 587 693 694
VOL 149 330 497 695
VOL 150 613 696 697
VOL 151 152 650 696
VOL 153 377 692 697
VOL 154 700 701 702
VOL 155 334 706 707
VOL 156 157 631 661
VOL 158 278 649 708
VOL 159 705 709 710
VOL 160 533 662 711
VOL 161 382 540 713
VOL 162 163 714 715
VOL 164 527 578 651
VOL 165 166 395 716
VOL 167 168 562 716
VOL 169 280 638 717
VOL 170 369 437 718
VOL 171 694 702 724
VOL 172 675 725 726
VOL 173 359 582 611
VOL 174 321 592 727
VOL 175 176 718 728
VOL 177 727 728 729
VOL 178 179 485 493
VOL 180 181 673 676
VOL 182 268 689 730
VOL 183 337 658 731
VOL 184 415 529 732
VOL 185 399 470 559
VOL 186 383 510 733
VOL 187 357 573 612
VOL 188 189 473 733
VOL 190 506 734 735
VOL 191 300 736 737
VOL 192 403 552 738
VOL 193 513 730 742
VOL 194 323 548 568
VOL 195 196 393 747
VOL 197 296 745 748
VOL 198 362 535 734
VOL 199 200 749 750
VOL 201 547 735 751
VOL 202 414 427 519
VOL 203 442 668 752
VOL 204 732 744 753
VOL 205 413 723 754
VOL 206 660 665 757
VOL 207 208 408 553
VOL 209 384 555 768
VOL 210 281 695 769
VOL 211 212 517 770
VOL 213 596 749 772
VOL 214 315 326 773
VOL 215 647 774 775
VOL 216 780 781 782
VOL 217 336 407 579
VOL 218 432 549 785
VOL 219 782 786 787
VOL 220 750 788 789
VOL 221 634 789 790
VOL 222 566 713 785
VOL 223 633 671 780
VOL 224 624 758 773
VOL 225 768 791 792
VOL 226 786 790 793
VOL 227 528 794 795
VOL 228 793 797 798
VOL 229 796 797 799
VOL 230 310 703 783
VOL 231 593 684 801
VOL 232 565 720 802
VOL 233 498 803 804
VOL 234 489 805 806
VOL 235 805 807 808
VOL 236 237 809 810
VOL 238 779 810 811
VOL 239 803 809 812
VOL 240 806 813 814
VOL 241 804 814 818
VOL 242 335 523 574
VOL 243 800 825 826
VOL 244 603 657 801
VOL 245 418 752 777
VOL 246 576 577 765
VOL 247 706 822 827
VOL 248 742 792 831
VOL 249 635 693 823
VOL 250 629 767 833
VOL 251 454 731 756
VOL 252 270 686 724
VOL 253 636 821 831
VOL 254 255 726 834
VOL 256 643 655 667
VOL 257 258 678 835
VOL 259 691 834 835
VOL 260 474 558 762
VOL 261 347 446 784
VOL 262 348 737 802
VOL 263 500 770 837
VOL 264 265 595 837
VOL 266 312 417 599
VOL 267 487 499 569
VOL 271 272 273 274
VOL 271 550 551 552
VOL 272 739 740 741
VOL 273 305 740 815
VOL 274 600 601 602
VOL 286 431 479 480
VOL 287 480 531 546
VOL 288 289 290 291
VOL 288 430 444 639
VOL 289 537 538 539
VOL 292 563 719 720
VOL 293 410 719 784
VOL 295 537 550 598
VOL 298 419 467 637
VOL 299 367 543 556
VOL 303 314 645 758
VOL 304 305 306 307
VOL 304 551 778 811
VOL 306 655 656 657
VOL 307 604 812 818
VOL 308 309 310 311
VOL 308 601 757 827
VOL 309 492 494 703
VOL 312 313 314 315
VOL 313 325 416 441
VOL 316 317 318 319
VOL 316 483 484 485
VOL 317 468 585 626
VOL 318 490 491 492
VOL 322 567 571 573
VOL 331 816 820 823
VOL 332 721 722 723
VOL 338 339 340 341
VOL 341 344 345 346
VOL 344 376 390 464
VOL 346 378 379 380
VOL 349 440 556 557
VOL 350 380 511 747
VOL 351 352 353 354
VOL 353 583 763 764
VOL 358 470 471 472
VOL 360 560 714 771
VOL 364 819 820 821
VOL 365 366 367 368
VOL 365 419 420 421
VOL 366 420 516 549
VOL 371 486 807 832
VOL 372 670 781 832
VOL 373 664 787 824
VOL 374 375 376 377
VOL 375 450 451 452
VOL 378 381 382 383
VOL 379 391 392 393
VOL 381 401 438 439
VOL 387 421 571 572
VOL 396 534 546 547
VOL 402 422 495 503
VOL 404 449 746 759
VOL 405 406 407 408
VOL 406 412 455 553
VOL 409 410 411 412
VOL 409 436 453 642
VOL 423 495 496 497
VOL 425 761 791 819
VOL 428 507 508 509
VOL 433 514 515 516
VOL 434 435 436 437
VOL 434 447 591 729
VOL 435 478 641 642
VOL 438 456 503 504
VOL 450 524 525 526
VOL 452 526 704 705
VOL 461 563 564 565
VOL 465 466 467 468
VOL 465 564 627 736
VOL 466 476 514 641
VOL 471 507 618 760
VOL 476 477 478 479
VOL 477 751 755 756
VOL 482 682 683 684
VOL 486 487 488 489
VOL 490 717 817 822
VOL 491 583 584 585
VOL 502 518 528 529
VOL 504 566 567 568
VOL 505 580 659 755
VOL 508 617 639 640
VOL 512 688 766 829
VOL 515 557 591 592
VOL 522 580 581 582
VOL 525 532 712 836
VOL 530 531 532 533
VOL 530 534 535 536
VOL 538 605 606 607
VOL 539 748 766 767
VOL 541 715 771 836
VOL 544 687 701 746
VOL 554 760 761 762
VOL 575 644 698 699
VOL 581 608 698 776
VOL 584 616 776 830
VOL 586 769 816 817
VOL 594 652 682 765
VOL 597 605 622 645
VOL 600 738 743 826
VOL 602 663 664 665
VOL 607 619 629 630
VOL 608 609 610 611
VOL 609 616 617 618
VOL 632 710 711 712
VOL 648 704 708 709
VOL 656 683 699 828
VOL 663 798 824 825
VOL 666 777 778 779
VOL 674 725 829 833
VOL 677 685 690 745
VOL 680 685 686 687
VOL 688 689 690 691
VOL 700 722 754 759
VOL 707 721 743 744
VOL 739 763 828 830
VOL 741 764 775 783
VOL 753 795 799 800
VOL 772 788 794 796
VOL 774 808 813 815
NEI 94 150 214 
NEI 17 120 
NEI 92 132 
NEI 84 140 174 
NEI 14 23 32 
NEI 104 232 233 
NEI 65 237 238 
NEI 34 163 239 
NEI 158 240 241 
NEI 44 98 242 
NEI 42 145 
NEI 113 161 256 
NEI 177 251 
NEI 21 31 58 
NEI 4 125 257 
NEI 78 130 258 
NEI 151 180 204 
NEI 1 19 51 
NEI 221 222 263 
NEI 17 259 264 
NEI 27 96 155 
NEI 13 144 267 
NEI 31 164 268 
NEI 4 121 269 
NEI 104 141 
NEI 273 274 275 
NEI 60 173 234 
NEI 20 95 281 
NEI 38 53 261 
NEI 104 138 282 
NEI 42 68 
NEI 13 22 153 
NEI 4 33 279 
NEI 32 280 283 
NEI 7 159 284 
NEI 152 167 170 
NEI 207 225 251 
NEI 283 289 
NEI 28 121 290 
NEI 46 167 
NEI 72 235 291 
NEI 181 232 292 
NEI 10 30 263 
NEI 107 168 251 
NEI 9 106 235 
NEI 221 287 294 
NEI 39 69 284 
NEI 213 286 288 
NEI 52 70 296 
NEI 62 114 
NEI 91 102 299 
NEI 17 59 
NEI 48 156 280 
NEI 28 71 220 
NEI 91 265 306 
NEI 148 249 252 
NEI 196 226 
NEI 81 223 310 
NEI 13 157 312 
NEI 51 154 264 
NEI 26 160 314 
NEI 167 175 310 
NEI 49 68 270 
NEI 267 291 
NEI 108 204 316 
NEI 6 137 285 
NEI 135 260 277 
NEI 71 297 322 
NEI 30 62 241 
NEI 46 103 323 
NEI 48 161 
NEI 53 67 276 
NEI 40 173 324 
NEI 153 220 268 
NEI 110 139 319 
NEI 117 226 307 
NEI 204 208 325 
NEI 137 180 208 
NEI 15 124 328 
NEI 85 120 122 
NEI 194 329 
NEI 57 176 224 
NEI 225 239 330 
NEI 206 246 
NEI 3 155 289 
NEI 79 126 
NEI 97 107 334 
NEI 88 115 333 
NEI 87 89 330 
NEI 88 187 
NEI 99 254 301 
NEI 50 54 99 
NEI 2 131 336 
NEI 184 186 
NEI 0 211 215 
NEI 27 240 253 
NEI 20 140 253 
NEI 86 217 325 
NEI 9 107 313 
NEI 90 91 265 
NEI 178 265 
NEI 127 132 337 
NEI 50 137 329 
NEI 69 105 
NEI 5 24 29 
NEI 103 119 
NEI 44 234 320 
NEI 43 86 98 
NEI 64 151 312 
NEI 171 247 
NEI 74 131 134 
NEI 168 217 340 
NEI 117 186 274 
NEI 11 114 
NEI 49 113 281 
NEI 87 149 333 
NEI 143 149 341 
NEI 75 112 
NEI 119 218 342 
NEI 105 118 343 
NEI 1 79 259 
NEI 23 38 279 
NEI 79 123 259 
NEI 122 128 261 
NEI 78 142 211 
NEI 14 174 289 
NEI 85 127 128 
NEI 101 126 
NEI 123 126 276 
NEI 142 323 345 
NEI 15 209 346 
NEI 92 110 
NEI 2 101 337 
NEI 298 336 337 
NEI 110 318 336 
NEI 66 185 278 
NEI 268 322 
NEI 65 77 102 
NEI 29 139 
NEI 74 138 
NEI 3 96 308 
NEI 24 146 293 
NEI 124 129 214 
NEI 116 216 341 
NEI 21 316 334 
NEI 10 147 315 
NEI 141 147 
NEI 145 146 294 
NEI 55 253 
NEI 115 116 
NEI 0 160 344 
NEI 16 108 213 
NEI 35 169 310 
NEI 31 73 267 
NEI 59 156 278 
NEI 20 84 256 
NEI 52 154 
NEI 58 164 166 
NEI 8 222 301 
NEI 34 228 331 
NEI 60 150 210 
NEI 11 70 311 
NEI 264 279 
NEI 7 321 342 
NEI 22 157 319 
NEI 176 183 
NEI 157 282 305 
NEI 35 39 61 
NEI 43 111 207 
NEI 152 346 349 
NEI 35 258 345 
NEI 109 248 332 
NEI 285 286 
NEI 26 72 188 
NEI 3 125 328 
NEI 61 223 
NEI 81 165 350 
NEI 12 187 250 
NEI 100 348 351 
NEI 182 186 274 
NEI 16 77 285 
NEI 41 185 272 
NEI 179 189 275 
NEI 165 184 350 
NEI 93 183 189 
NEI 135 181 311 
NEI 93 112 179 
NEI 89 177 242 
NEI 173 210 290 
NEI 182 184 191 
NEI 310 349 350 
NEI 189 192 339 
NEI 191 349 350 
NEI 247 249 348 
NEI 80 206 306 
NEI 222 237 299 
NEI 56 201 203 
NEI 198 202 307 
NEI 197 273 351 
NEI 200 201 
NEI 199 244 340 
NEI 196 199 246 
NEI 197 203 351 
NEI 196 202 246 
NEI 16 64 76 
NEI 331 339 349 
NEI 83 194 245 
NEI 36 168 340 
NEI 76 77 329 
NEI 130 248 308 
NEI 160 188 215 
NEI 94 124 257 
NEI 321 333 341 
NEI 47 151 305 
NEI 0 142 343 
NEI 94 210 269 
NEI 143 219 
NEI 97 111 245 
NEI 118 219 
NEI 216 218 344 
NEI 53 73 324 
NEI 18 45 238 
NEI 18 158 195 
NEI 57 175 224 
NEI 81 223 
NEI 36 82 250 
NEI 56 75 307 
NEI 228 229 230 231 
NEI 159 227 239 244 
NEI 227 230 347 348 
NEI 227 229 243 351 
NEI 227 248 331 332 
NEI 5 41 233 304 
NEI 5 232 282 318 
NEI 26 106 235 236 
NEI 40 44 234 313 
NEI 234 239 320 321 
NEI 6 195 238 299 
NEI 6 221 237 287 
NEI 7 82 228 236 
NEI 8 95 271 300 
NEI 8 68 263 270 
NEI 9 187 250 330 
NEI 230 244