\BOOKMARK [1][-]{section.1}{Introduction}{}% 1
\BOOKMARK [1][-]{section.2}{Background}{}% 2
\BOOKMARK [2][-]{subsection.2.1}{Navier-Stokes equations}{section.2}% 3
\BOOKMARK [2][-]{subsection.2.2}{Turbulence}{section.2}% 4
\BOOKMARK [2][-]{subsection.2.3}{Finite volume method}{section.2}% 5
\BOOKMARK [2][-]{subsection.2.4}{Discretization}{section.2}% 6
\BOOKMARK [2][-]{subsection.2.5}{Gauss-Seidel method}{section.2}% 7
\BOOKMARK [2][-]{subsection.2.6}{SIMPLE algorithm}{section.2}% 8
\BOOKMARK [2][-]{subsection.2.7}{Boundary conditions}{section.2}% 9
\BOOKMARK [1][-]{section.3}{Implementation}{}% 10
\BOOKMARK [2][-]{subsection.3.1}{Simulation mesh}{section.3}% 11
\BOOKMARK [2][-]{subsection.3.2}{Solver}{section.3}% 12
\BOOKMARK [2][-]{subsection.3.3}{Rendering}{section.3}% 13
\BOOKMARK [1][-]{section.4}{Software}{}% 14
\BOOKMARK [2][-]{subsection.4.1}{Compilation}{section.4}% 15
\BOOKMARK [2][-]{subsection.4.2}{Configuration}{section.4}% 16
\BOOKMARK [2][-]{subsection.4.3}{Examples}{section.4}% 17
\BOOKMARK [3][-]{subsubsection.4.3.1}{Lid-driven cavity}{subsection.4.3}% 18
\BOOKMARK [3][-]{subsubsection.4.3.2}{Pipe flow}{subsection.4.3}% 19
\BOOKMARK [2][-]{subsection.4.4}{Problems}{section.4}% 20
\BOOKMARK [1][-]{subsection.4.4}{References}{}% 21
